  [1m[35m (0.0ms)[0m  [1m[35mDROP TABLE IF EXISTS "products"[0m
  [1m[35m (1.0ms)[0m  [1m[34mSELECT sqlite_version(*)[0m
  [1m[35m (5.6ms)[0m  [1m[35mCREATE TABLE "products" ("id" INTEGER PRIMARY KEY AUTOINCREMENT NOT NULL, "name" varchar, "released_on" date, "price" decimal(2,8), "created_at" datetime NOT NULL, "updated_at" datetime NOT NULL)[0m
  [1m[35m (17.0ms)[0m  [1m[35mCREATE TABLE "schema_migrations" ("version" varchar NOT NULL PRIMARY KEY)[0m
  [1m[35m (0.0ms)[0m  [1m[34mSELECT "schema_migrations"."version" FROM "schema_migrations" ORDER BY "schema_migrations"."version" ASC[0m
  [1m[35m (8.9ms)[0m  [1m[32mINSERT INTO "schema_migrations" (version) VALUES (20120701210336)[0m
  [1m[35m (7.0ms)[0m  [1m[35mCREATE TABLE "ar_internal_metadata" ("key" varchar NOT NULL PRIMARY KEY, "value" varchar, "created_at" datetime NOT NULL, "updated_at" datetime NOT NULL)[0m
  [1m[36mActiveRecord::InternalMetadata Load (0.0ms)[0m  [1m[34mSELECT  "ar_internal_metadata".* FROM "ar_internal_metadata" WHERE "ar_internal_metadata"."key" = ? LIMIT ?[0m  [["key", "environment"], ["LIMIT", 1]]
  [1m[35m (0.0ms)[0m  [1m[36mbegin transaction[0m
  [1m[35mSQL (2.0ms)[0m  [1m[32mINSERT INTO "ar_internal_metadata" ("key", "value", "created_at", "updated_at") VALUES (?, ?, ?, ?)[0m  [["key", "environment"], ["value", "development"], ["created_at", "2017-10-22 01:03:20.756557"], ["updated_at", "2017-10-22 01:03:20.756557"]]
  [1m[35m (15.0ms)[0m  [1m[36mcommit transaction[0m
  [1m[36mActiveRecord::InternalMetadata Load (0.0ms)[0m  [1m[34mSELECT  "ar_internal_metadata".* FROM "ar_internal_metadata" WHERE "ar_internal_metadata"."key" = ? LIMIT ?[0m  [["key", "environment"], ["LIMIT", 1]]
  [1m[35m (0.0ms)[0m  [1m[36mbegin transaction[0m
  [1m[35m (0.0ms)[0m  [1m[36mcommit transaction[0m
  [1m[35m (1.0ms)[0m  [1m[35mDROP TABLE IF EXISTS "products"[0m
  [1m[35m (0.0ms)[0m  [1m[34mSELECT sqlite_version(*)[0m
  [1m[35m (17.0ms)[0m  [1m[35mCREATE TABLE "products" ("id" INTEGER PRIMARY KEY AUTOINCREMENT NOT NULL, "name" varchar, "released_on" date, "price" decimal(2,8), "created_at" datetime NOT NULL, "updated_at" datetime NOT NULL)[0m
  [1m[35m (5.0ms)[0m  [1m[35mCREATE TABLE "schema_migrations" ("version" varchar NOT NULL PRIMARY KEY)[0m
  [1m[35m (0.0ms)[0m  [1m[34mSELECT "schema_migrations"."version" FROM "schema_migrations" ORDER BY "schema_migrations"."version" ASC[0m
  [1m[35m (22.1ms)[0m  [1m[32mINSERT INTO "schema_migrations" (version) VALUES (20120701210336)[0m
  [1m[35m (12.9ms)[0m  [1m[35mCREATE TABLE "ar_internal_metadata" ("key" varchar NOT NULL PRIMARY KEY, "value" varchar, "created_at" datetime NOT NULL, "updated_at" datetime NOT NULL)[0m
  [1m[36mActiveRecord::InternalMetadata Load (0.0ms)[0m  [1m[34mSELECT  "ar_internal_metadata".* FROM "ar_internal_metadata" WHERE "ar_internal_metadata"."key" = ? LIMIT ?[0m  [["key", "environment"], ["LIMIT", 1]]
  [1m[35m (0.0ms)[0m  [1m[36mbegin transaction[0m
  [1m[35mSQL (1.0ms)[0m  [1m[32mINSERT INTO "ar_internal_metadata" ("key", "value", "created_at", "updated_at") VALUES (?, ?, ?, ?)[0m  [["key", "environment"], ["value", "development"], ["created_at", "2017-10-22 01:03:20.862736"], ["updated_at", "2017-10-22 01:03:20.862736"]]
  [1m[35m (4.0ms)[0m  [1m[36mcommit transaction[0m
  [1m[36mActiveRecord::InternalMetadata Load (0.0ms)[0m  [1m[34mSELECT  "ar_internal_metadata".* FROM "ar_internal_metadata" WHERE "ar_internal_metadata"."key" = ? LIMIT ?[0m  [["key", "environment"], ["LIMIT", 1]]
  [1m[35m (0.0ms)[0m  [1m[36mbegin transaction[0m
  [1m[35m (0.0ms)[0m  [1m[36mcommit transaction[0m
  [1m[35m (0.0ms)[0m  [1m[34mSELECT "schema_migrations"."version" FROM "schema_migrations" ORDER BY "schema_migrations"."version" ASC[0m
  [1m[35m (0.0ms)[0m  [1m[34mSELECT "schema_migrations"."version" FROM "schema_migrations" ORDER BY "schema_migrations"."version" ASC[0m
Started GET "/" for 127.0.0.1 at 2017-10-21 21:04:37 -0400
Processing by ProductsController#index as HTML
Completed 500 Internal Server Error in 1313ms


  
NoMethodError (undefined method `attr_accessible' for Product (call 'Product.connection' to establish a connection):Class):
  
app/models/product.rb:2:in `<class:Product>'
app/models/product.rb:1:in `<top (required)>'
app/controllers/products_controller.rb:3:in `index'
Started GET "/" for 127.0.0.1 at 2017-10-21 21:05:22 -0400
Processing by ProductsController#index as HTML
Completed 500 Internal Server Error in 110ms


  
NoMethodError (To respond to a custom format, register it as a MIME type first: http://guides.rubyonrails.org/action_controller_overview.html#restful-downloads. If you meant to respond to a variant like :tablet or :phone, not a custom format, be sure to nest your variant response within a format response: format.html { |html| html.tablet { ... } }):
  
app/controllers/products_controller.rb:7:in `block in index'
app/controllers/products_controller.rb:4:in `index'
Started GET "/" for 127.0.0.1 at 2017-10-21 21:06:38 -0400
Processing by ProductsController#index as HTML
Completed 500 Internal Server Error in 1ms


  
NoMethodError (To respond to a custom format, register it as a MIME type first: http://guides.rubyonrails.org/action_controller_overview.html#restful-downloads. If you meant to respond to a variant like :tablet or :phone, not a custom format, be sure to nest your variant response within a format response: format.html { |html| html.tablet { ... } }):
  
app/controllers/products_controller.rb:7:in `block in index'
app/controllers/products_controller.rb:4:in `index'
Started GET "/" for 127.0.0.1 at 2017-10-21 21:07:22 -0400
Processing by ProductsController#index as HTML
  Rendering products/index.html.erb within layouts/application
  [1m[36mProduct Load (16.0ms)[0m  [1m[34mSELECT "products".* FROM "products" ORDER BY "products"."name" ASC[0m
  Rendered products/index.html.erb within layouts/application (52.1ms)
Completed 200 OK in 3586ms (Views: 2135.0ms | ActiveRecord: 18.0ms)


  [1m[35m (0.0ms)[0m  [1m[34mSELECT "schema_migrations"."version" FROM "schema_migrations" ORDER BY "schema_migrations"."version" ASC[0m
  [1m[35m (0.0ms)[0m  [1m[36mbegin transaction[0m
  [1m[35mSQL (3.2ms)[0m  [1m[32mINSERT INTO "products" ("name", "released_on", "price", "created_at", "updated_at") VALUES (?, ?, ?, ?, ?)[0m  [["name", "Settlers of Catan"], ["released_on", "2017-09-19"], ["price", 35.0], ["created_at", "2017-10-22 01:08:24.658000"], ["updated_at", "2017-10-22 01:08:24.658000"]]
  [1m[35m (6.0ms)[0m  [1m[36mcommit transaction[0m
  [1m[35m (0.0ms)[0m  [1m[36mbegin transaction[0m
  [1m[35mSQL (2.0ms)[0m  [1m[32mINSERT INTO "products" ("name", "released_on", "price", "created_at", "updated_at") VALUES (?, ?, ?, ?, ?)[0m  [["name", "Red Shirt"], ["released_on", "2017-10-09"], ["price", 12.0], ["created_at", "2017-10-22 01:08:24.668530"], ["updated_at", "2017-10-22 01:08:24.668530"]]
  [1m[35m (5.2ms)[0m  [1m[36mcommit transaction[0m
  [1m[35m (1.0ms)[0m  [1m[36mbegin transaction[0m
  [1m[35mSQL (2.0ms)[0m  [1m[32mINSERT INTO "products" ("name", "released_on", "price", "created_at", "updated_at") VALUES (?, ?, ?, ?, ?)[0m  [["name", "Technodrome"], ["released_on", "2017-08-30"], ["price", 28.0], ["created_at", "2017-10-22 01:08:24.677702"], ["updated_at", "2017-10-22 01:08:24.677702"]]
  [1m[35m (11.2ms)[0m  [1m[36mcommit transaction[0m
  [1m[35m (0.0ms)[0m  [1m[36mbegin transaction[0m
  [1m[35mSQL (1.0ms)[0m  [1m[32mINSERT INTO "products" ("name", "released_on", "price", "created_at", "updated_at") VALUES (?, ?, ?, ?, ?)[0m  [["name", "Acoustic Guitar"], ["released_on", "2017-09-19"], ["price", 1000.0], ["created_at", "2017-10-22 01:08:24.691965"], ["updated_at", "2017-10-22 01:08:24.691965"]]
  [1m[35m (20.3ms)[0m  [1m[36mcommit transaction[0m
  [1m[35m (0.0ms)[0m  [1m[36mbegin transaction[0m
  [1m[35mSQL (1.0ms)[0m  [1m[32mINSERT INTO "products" ("name", "released_on", "price", "created_at", "updated_at") VALUES (?, ?, ?, ?, ?)[0m  [["name", "Agricola"], ["released_on", "2017-10-17"], ["price", 46.0], ["created_at", "2017-10-22 01:08:24.716241"], ["updated_at", "2017-10-22 01:08:24.716241"]]
  [1m[35m (4.0ms)[0m  [1m[36mcommit transaction[0m
Started GET "/" for 127.0.0.1 at 2017-10-21 21:09:08 -0400
Processing by ProductsController#index as HTML
  Rendering products/index.html.erb within layouts/application
  [1m[36mProduct Load (14.0ms)[0m  [1m[34mSELECT "products".* FROM "products" ORDER BY "products"."name" ASC[0m
  Rendered products/index.html.erb within layouts/application (175.4ms)
Completed 200 OK in 2140ms (Views: 648.2ms | ActiveRecord: 16.0ms)


Started GET "/" for 127.0.0.1 at 2017-10-21 21:13:36 -0400
Processing by ProductsController#index as HTML
  Rendering products/index.html.erb within layouts/application
  [1m[36mProduct Load (1.0ms)[0m  [1m[34mSELECT "products".* FROM "products" ORDER BY "products"."name" ASC[0m
  Rendered products/index.html.erb within layouts/application (172.5ms)
Completed 500 Internal Server Error in 385ms (ActiveRecord: 1.0ms)


  
ActionView::Template::Error (undefined local variable or method `import_products_path' for #<#<Class:0x000000086dab98>:0x0000000d2e4110>):
    23: 
    24: <h2>Import Products</h2>
    25: 
    26: <%= form_tag import_products_path, multipart: true do %>
    27:   <%= file_field_tag :file %>
    28:   <%= submit_tag "Import" %>
    29: <% end %>
  
app/views/products/index.html.erb:26:in `_app_views_products_index_html_erb___198071201_110568840'
Started GET "/" for 127.0.0.1 at 2017-10-21 21:16:19 -0400
Processing by ProductsController#index as HTML
  Rendering products/index.html.erb within layouts/application
  [1m[36mProduct Load (0.0ms)[0m  [1m[34mSELECT "products".* FROM "products" ORDER BY "products"."name" ASC[0m
  Rendered products/index.html.erb within layouts/application (15.1ms)
Completed 200 OK in 299ms (Views: 239.1ms | ActiveRecord: 1.0ms)


Started POST "/products/import" for 127.0.0.1 at 2017-10-21 21:16:25 -0400
  
AbstractController::ActionNotFound (The action 'import' could not be found for ProductsController):
  
actionpack (5.1.4) lib/abstract_controller/base.rb:119:in `process'
actionview (5.1.4) lib/action_view/rendering.rb:30:in `process'
actionpack (5.1.4) lib/action_controller/metal.rb:189:in `dispatch'
actionpack (5.1.4) lib/action_controller/metal.rb:253:in `dispatch'
actionpack (5.1.4) lib/action_dispatch/routing/route_set.rb:49:in `dispatch'
actionpack (5.1.4) lib/action_dispatch/routing/route_set.rb:31:in `serve'
actionpack (5.1.4) lib/action_dispatch/journey/router.rb:50:in `block in serve'
actionpack (5.1.4) lib/action_dispatch/journey/router.rb:33:in `each'
actionpack (5.1.4) lib/action_dispatch/journey/router.rb:33:in `serve'
actionpack (5.1.4) lib/action_dispatch/routing/route_set.rb:834:in `call'
rack (2.0.3) lib/rack/etag.rb:25:in `call'
rack (2.0.3) lib/rack/conditional_get.rb:38:in `call'
rack (2.0.3) lib/rack/head.rb:12:in `call'
rack (2.0.3) lib/rack/session/abstract/id.rb:232:in `context'
rack (2.0.3) lib/rack/session/abstract/id.rb:226:in `call'
actionpack (5.1.4) lib/action_dispatch/middleware/cookies.rb:613:in `call'
activerecord (5.1.4) lib/active_record/migration.rb:556:in `call'
actionpack (5.1.4) lib/action_dispatch/middleware/callbacks.rb:26:in `block in call'
activesupport (5.1.4) lib/active_support/callbacks.rb:97:in `run_callbacks'
actionpack (5.1.4) lib/action_dispatch/middleware/callbacks.rb:24:in `call'
actionpack (5.1.4) lib/action_dispatch/middleware/executor.rb:12:in `call'
actionpack (5.1.4) lib/action_dispatch/middleware/debug_exceptions.rb:59:in `call'
web-console (3.5.1) lib/web_console/middleware.rb:135:in `call_app'
web-console (3.5.1) lib/web_console/middleware.rb:28:in `block in call'
web-console (3.5.1) lib/web_console/middleware.rb:18:in `catch'
web-console (3.5.1) lib/web_console/middleware.rb:18:in `call'
actionpack (5.1.4) lib/action_dispatch/middleware/show_exceptions.rb:31:in `call'
railties (5.1.4) lib/rails/rack/logger.rb:36:in `call_app'
railties (5.1.4) lib/rails/rack/logger.rb:24:in `block in call'
activesupport (5.1.4) lib/active_support/tagged_logging.rb:69:in `block in tagged'
activesupport (5.1.4) lib/active_support/tagged_logging.rb:26:in `tagged'
activesupport (5.1.4) lib/active_support/tagged_logging.rb:69:in `tagged'
railties (5.1.4) lib/rails/rack/logger.rb:24:in `call'
sprockets-rails (3.2.1) lib/sprockets/rails/quiet_assets.rb:13:in `call'
actionpack (5.1.4) lib/action_dispatch/middleware/remote_ip.rb:79:in `call'
actionpack (5.1.4) lib/action_dispatch/middleware/request_id.rb:25:in `call'
rack (2.0.3) lib/rack/method_override.rb:22:in `call'
rack (2.0.3) lib/rack/runtime.rb:22:in `call'
activesupport (5.1.4) lib/active_support/cache/strategy/local_cache_middleware.rb:27:in `call'
actionpack (5.1.4) lib/action_dispatch/middleware/executor.rb:12:in `call'
actionpack (5.1.4) lib/action_dispatch/middleware/static.rb:125:in `call'
rack (2.0.3) lib/rack/sendfile.rb:111:in `call'
railties (5.1.4) lib/rails/engine.rb:522:in `call'
puma (3.10.0) lib/puma/configuration.rb:225:in `call'
puma (3.10.0) lib/puma/server.rb:605:in `handle_request'
puma (3.10.0) lib/puma/server.rb:437:in `process_client'
puma (3.10.0) lib/puma/server.rb:301:in `block in run'
puma (3.10.0) lib/puma/thread_pool.rb:120:in `call'
puma (3.10.0) lib/puma/thread_pool.rb:120:in `block in spawn_thread'
Started POST "/products/import" for 127.0.0.1 at 2017-10-22 08:20:37 -0400
Processing by ProductsController#import as HTML
  Parameters: {"utf8"=>"✓", "authenticity_token"=>"ZfzlTykpDz4g6IHJmtk1dQTOjVfPjQS+J9uiUVqw8YKB/4c6rBEJVR7uEnKHvR+j8J73FKYqnd3iVVuGkJhDcg==", "file"=>#<ActionDispatch::Http::UploadedFile:0x0000000d3d8d28 @tempfile=#<Tempfile:C:/Users/CAMCGR~1/AppData/Local/Temp/RackMultipart20171022-27292-vt808b.csv>, @original_filename="firstTest.csv", @content_type="application/vnd.ms-excel", @headers="Content-Disposition: form-data; name=\"file\"; filename=\"firstTest.csv\"\r\nContent-Type: application/vnd.ms-excel\r\n">, "commit"=>"Import"}
Completed 500 Internal Server Error in 14ms


  
NameError (uninitialized constant Product::CSV):
  
app/models/product.rb:15:in `import'
app/controllers/products_controller.rb:12:in `import'
Started GET "/" for 127.0.0.1 at 2017-10-22 08:23:07 -0400
Processing by ProductsController#index as HTML
  Rendering products/index.html.erb within layouts/application
  [1m[36mProduct Load (12.0ms)[0m  [1m[34mSELECT "products".* FROM "products" ORDER BY "products"."name" ASC[0m
  Rendered products/index.html.erb within layouts/application (190.7ms)
Completed 200 OK in 2593ms (Views: 842.0ms | ActiveRecord: 15.1ms)


Started POST "/products/import" for 127.0.0.1 at 2017-10-22 08:23:31 -0400
Processing by ProductsController#import as HTML
  Parameters: {"utf8"=>"✓", "authenticity_token"=>"zm8P7fcpJgQpeaAUeIHvUmrOsrKyXf1hp1CWACydYpQqbG2YchEgbxd/M69l5cWEnp7I8dv6ZAJi3m/X5rXQZA==", "file"=>#<ActionDispatch::Http::UploadedFile:0x0000000cf22658 @tempfile=#<Tempfile:C:/Users/CAMCGR~1/AppData/Local/Temp/RackMultipart20171022-31948-fwbgzl.csv>, @original_filename="firstTest.csv", @content_type="application/vnd.ms-excel", @headers="Content-Disposition: form-data; name=\"file\"; filename=\"firstTest.csv\"\r\nContent-Type: application/vnd.ms-excel\r\n">, "commit"=>"Import"}
Completed 500 Internal Server Error in 6ms (ActiveRecord: 0.0ms)


  
ArgumentError (Unknown options:  header.):
  
app/models/product.rb:15:in `import'
app/controllers/products_controller.rb:12:in `import'
Started GET "/" for 127.0.0.1 at 2017-10-22 08:26:16 -0400
Processing by ProductsController#index as HTML
  Rendering products/index.html.erb within layouts/application
  [1m[36mProduct Load (0.0ms)[0m  [1m[34mSELECT "products".* FROM "products" ORDER BY "products"."name" ASC[0m
  Rendered products/index.html.erb within layouts/application (37.1ms)
Completed 200 OK in 354ms (Views: 264.7ms | ActiveRecord: 2.0ms)


Started POST "/products/import" for 127.0.0.1 at 2017-10-22 08:26:33 -0400
Processing by ProductsController#import as HTML
  Parameters: {"utf8"=>"✓", "authenticity_token"=>"ixOCwAZ7BcdXMqkr8CbQXJtaE61kkYhdWMmroxIx9DFvEOC1g0MDrGk0OpDtQvqKbwpp7g02ET6dR1J02BlGwQ==", "file"=>#<ActionDispatch::Http::UploadedFile:0x0000000caf4400 @tempfile=#<Tempfile:C:/Users/CAMCGR~1/AppData/Local/Temp/RackMultipart20171022-31948-e8322v.csv>, @original_filename="firstTest.csv", @content_type="application/vnd.ms-excel", @headers="Content-Disposition: form-data; name=\"file\"; filename=\"firstTest.csv\"\r\nContent-Type: application/vnd.ms-excel\r\n">, "commit"=>"Import"}
  [1m[36mProduct Load (1.0ms)[0m  [1m[34mSELECT  "products".* FROM "products" WHERE "products"."id" IS NULL LIMIT ?[0m  [["LIMIT", 1]]
  [1m[35m (0.0ms)[0m  [1m[36mbegin transaction[0m
  [1m[35mSQL (6.0ms)[0m  [1m[32mINSERT INTO "products" ("name", "released_on", "price", "created_at", "updated_at") VALUES (?, ?, ?, ?, ?)[0m  [["name", "Christmas Music Album"], ["released_on", "2012-12-06"], ["price", 12.99], ["created_at", "2017-10-22 12:26:33.464743"], ["updated_at", "2017-10-22 12:26:33.464743"]]
  [1m[35m (4.0ms)[0m  [1m[36mcommit transaction[0m
  [1m[36mProduct Load (0.0ms)[0m  [1m[34mSELECT  "products".* FROM "products" WHERE "products"."id" IS NULL LIMIT ?[0m  [["LIMIT", 1]]
  [1m[35m (0.0ms)[0m  [1m[36mbegin transaction[0m
  [1m[35mSQL (2.0ms)[0m  [1m[32mINSERT INTO "products" ("name", "released_on", "price", "created_at", "updated_at") VALUES (?, ?, ?, ?, ?)[0m  [["name", "Unicon Action Figure"], ["released_on", "2012-12-06"], ["price", 5.85], ["created_at", "2017-10-22 12:26:33.477778"], ["updated_at", "2017-10-22 12:26:33.477778"]]
  [1m[35m (5.0ms)[0m  [1m[36mcommit transaction[0m
Redirected to http://localhost:3000/
Completed 302 Found in 30ms (ActiveRecord: 18.0ms)


Started GET "/" for 127.0.0.1 at 2017-10-22 08:26:33 -0400
Processing by ProductsController#index as HTML
  Rendering products/index.html.erb within layouts/application
  [1m[36mProduct Load (0.0ms)[0m  [1m[34mSELECT "products".* FROM "products" ORDER BY "products"."name" ASC[0m
  Rendered products/index.html.erb within layouts/application (6.0ms)
Completed 200 OK in 349ms (Views: 257.2ms | ActiveRecord: 0.0ms)


Started POST "/products/import" for 127.0.0.1 at 2017-10-22 08:36:08 -0400
Processing by ProductsController#import as HTML
  Parameters: {"utf8"=>"✓", "authenticity_token"=>"FITFVGg/ts2bPYZUeC1GV8Acfvdc5Pus3KLHkb+Pcg7wh6ch7QewpqU7Fe9lSWyBNEwEtDVDYs8ZLD5GdafA/g==", "file"=>#<ActionDispatch::Http::UploadedFile:0x000000046724c0 @tempfile=#<Tempfile:C:/Users/CAMCGR~1/AppData/Local/Temp/RackMultipart20171022-31948-p7p9pm.csv>, @original_filename="firstTest.csv", @content_type="application/vnd.ms-excel", @headers="Content-Disposition: form-data; name=\"file\"; filename=\"firstTest.csv\"\r\nContent-Type: application/vnd.ms-excel\r\n">, "commit"=>"Import"}
  [1m[36mProduct Load (0.0ms)[0m  [1m[34mSELECT  "products".* FROM "products" WHERE "products"."id" IS NULL LIMIT ?[0m  [["LIMIT", 1]]
  [1m[35m (0.0ms)[0m  [1m[36mbegin transaction[0m
  [1m[35mSQL (4.0ms)[0m  [1m[32mINSERT INTO "products" ("name", "released_on", "price", "created_at", "updated_at") VALUES (?, ?, ?, ?, ?)[0m  [["name", "Christmas Music Album 2"], ["released_on", "2012-12-06"], ["price", 12.99], ["created_at", "2017-10-22 12:36:09.053879"], ["updated_at", "2017-10-22 12:36:09.053879"]]
  [1m[35m (6.0ms)[0m  [1m[36mcommit transaction[0m
  [1m[36mProduct Load (1.0ms)[0m  [1m[34mSELECT  "products".* FROM "products" WHERE "products"."id" IS NULL LIMIT ?[0m  [["LIMIT", 1]]
  [1m[35m (1.0ms)[0m  [1m[36mbegin transaction[0m
  [1m[35mSQL (2.0ms)[0m  [1m[32mINSERT INTO "products" ("name", "released_on", "price", "created_at", "updated_at") VALUES (?, ?, ?, ?, ?)[0m  [["name", "Unicon Action Figure 2"], ["released_on", "2012-12-06"], ["price", 5.85], ["created_at", "2017-10-22 12:36:09.069924"], ["updated_at", "2017-10-22 12:36:09.069924"]]
  [1m[35m (6.0ms)[0m  [1m[36mcommit transaction[0m
Redirected to http://localhost:3000/
Completed 302 Found in 36ms (ActiveRecord: 20.0ms)


Started GET "/" for 127.0.0.1 at 2017-10-22 08:36:09 -0400
Processing by ProductsController#index as HTML
  Rendering products/index.html.erb within layouts/application
  [1m[36mProduct Load (1.0ms)[0m  [1m[34mSELECT "products".* FROM "products" ORDER BY "products"."name" ASC[0m
  Rendered products/index.html.erb within layouts/application (6.1ms)
Completed 200 OK in 345ms (Views: 272.3ms | ActiveRecord: 1.0ms)


Started GET "/products.csv" for 127.0.0.1 at 2017-10-22 08:36:56 -0400
Processing by ProductsController#index as CSV
  [1m[36mProduct Load (0.0ms)[0m  [1m[34mSELECT "products".* FROM "products" ORDER BY "products"."name" ASC[0m
  Rendering text template
  Rendered text template (0.0ms)
Sent data  (8.0ms)
Completed 200 OK in 15ms (Views: 7.3ms | ActiveRecord: 0.0ms)


  [1m[35m (0.0ms)[0m  [1m[34mSELECT "schema_migrations"."version" FROM "schema_migrations" ORDER BY "schema_migrations"."version" ASC[0m
  [1m[35m (1.0ms)[0m  [1m[34mSELECT "ar_internal_metadata"."value" FROM "ar_internal_metadata" WHERE "ar_internal_metadata"."key" = ?[0m  [["key", "environment"]]
  [1m[35m (1.0ms)[0m  [1m[34mSELECT "schema_migrations"."version" FROM "schema_migrations" ORDER BY "schema_migrations"."version" ASC[0m
  [1m[35m (0.0ms)[0m  [1m[34mSELECT "ar_internal_metadata"."value" FROM "ar_internal_metadata" WHERE "ar_internal_metadata"."key" = ?[0m  [["key", "environment"]]
  [1m[35m (0.0ms)[0m  [1m[34mSELECT "schema_migrations"."version" FROM "schema_migrations" ORDER BY "schema_migrations"."version" ASC[0m
  [1m[35m (0.0ms)[0m  [1m[34mSELECT "ar_internal_metadata"."value" FROM "ar_internal_metadata" WHERE "ar_internal_metadata"."key" = ?[0m  [["key", "environment"]]
  [1m[35m (0.0ms)[0m  [1m[35mDROP TABLE IF EXISTS "products"[0m
  [1m[35m (0.0ms)[0m  [1m[34mSELECT sqlite_version(*)[0m
  [1m[35m (13.0ms)[0m  [1m[35mCREATE TABLE "products" ("id" INTEGER PRIMARY KEY AUTOINCREMENT NOT NULL, "name" varchar, "released_on" date, "price" decimal(2,8), "created_at" datetime NOT NULL, "updated_at" datetime NOT NULL)[0m
  [1m[35m (5.0ms)[0m  [1m[35mCREATE TABLE "schema_migrations" ("version" varchar NOT NULL PRIMARY KEY)[0m
  [1m[35m (1.0ms)[0m  [1m[34mSELECT "schema_migrations"."version" FROM "schema_migrations" ORDER BY "schema_migrations"."version" ASC[0m
  [1m[35m (5.0ms)[0m  [1m[32mINSERT INTO "schema_migrations" (version) VALUES (20120701210336)[0m
  [1m[35m (5.0ms)[0m  [1m[35mCREATE TABLE "ar_internal_metadata" ("key" varchar NOT NULL PRIMARY KEY, "value" varchar, "created_at" datetime NOT NULL, "updated_at" datetime NOT NULL)[0m
  [1m[36mActiveRecord::InternalMetadata Load (0.0ms)[0m  [1m[34mSELECT  "ar_internal_metadata".* FROM "ar_internal_metadata" WHERE "ar_internal_metadata"."key" = ? LIMIT ?[0m  [["key", "environment"], ["LIMIT", 1]]
  [1m[35m (0.0ms)[0m  [1m[36mbegin transaction[0m
  [1m[35mSQL (2.0ms)[0m  [1m[32mINSERT INTO "ar_internal_metadata" ("key", "value", "created_at", "updated_at") VALUES (?, ?, ?, ?)[0m  [["key", "environment"], ["value", "development"], ["created_at", "2017-10-22 12:42:59.955441"], ["updated_at", "2017-10-22 12:42:59.955441"]]
  [1m[35m (14.8ms)[0m  [1m[36mcommit transaction[0m
  [1m[36mActiveRecord::InternalMetadata Load (0.0ms)[0m  [1m[34mSELECT  "ar_internal_metadata".* FROM "ar_internal_metadata" WHERE "ar_internal_metadata"."key" = ? LIMIT ?[0m  [["key", "environment"], ["LIMIT", 1]]
  [1m[35m (1.0ms)[0m  [1m[36mbegin transaction[0m
  [1m[35m (0.0ms)[0m  [1m[36mcommit transaction[0m
  [1m[35m (1.0ms)[0m  [1m[35mDROP TABLE IF EXISTS "products"[0m
  [1m[35m (0.0ms)[0m  [1m[34mSELECT sqlite_version(*)[0m
  [1m[35m (12.0ms)[0m  [1m[35mCREATE TABLE "products" ("id" INTEGER PRIMARY KEY AUTOINCREMENT NOT NULL, "name" varchar, "released_on" date, "price" decimal(2,8), "created_at" datetime NOT NULL, "updated_at" datetime NOT NULL)[0m
  [1m[35m (6.0ms)[0m  [1m[35mCREATE TABLE "schema_migrations" ("version" varchar NOT NULL PRIMARY KEY)[0m
  [1m[35m (1.0ms)[0m  [1m[34mSELECT "schema_migrations"."version" FROM "schema_migrations" ORDER BY "schema_migrations"."version" ASC[0m
  [1m[35m (22.1ms)[0m  [1m[32mINSERT INTO "schema_migrations" (version) VALUES (20120701210336)[0m
  [1m[35m (11.0ms)[0m  [1m[35mCREATE TABLE "ar_internal_metadata" ("key" varchar NOT NULL PRIMARY KEY, "value" varchar, "created_at" datetime NOT NULL, "updated_at" datetime NOT NULL)[0m
  [1m[36mActiveRecord::InternalMetadata Load (0.0ms)[0m  [1m[34mSELECT  "ar_internal_metadata".* FROM "ar_internal_metadata" WHERE "ar_internal_metadata"."key" = ? LIMIT ?[0m  [["key", "environment"], ["LIMIT", 1]]
  [1m[35m (0.0ms)[0m  [1m[36mbegin transaction[0m
  [1m[35mSQL (2.0ms)[0m  [1m[32mINSERT INTO "ar_internal_metadata" ("key", "value", "created_at", "updated_at") VALUES (?, ?, ?, ?)[0m  [["key", "environment"], ["value", "development"], ["created_at", "2017-10-22 12:43:00.053448"], ["updated_at", "2017-10-22 12:43:00.053448"]]
  [1m[35m (4.0ms)[0m  [1m[36mcommit transaction[0m
  [1m[36mActiveRecord::InternalMetadata Load (0.0ms)[0m  [1m[34mSELECT  "ar_internal_metadata".* FROM "ar_internal_metadata" WHERE "ar_internal_metadata"."key" = ? LIMIT ?[0m  [["key", "environment"], ["LIMIT", 1]]
  [1m[35m (1.0ms)[0m  [1m[36mbegin transaction[0m
  [1m[35m (0.0ms)[0m  [1m[36mcommit transaction[0m
  [1m[35m (0.0ms)[0m  [1m[34mSELECT "schema_migrations"."version" FROM "schema_migrations" ORDER BY "schema_migrations"."version" ASC[0m
  [1m[35m (0.0ms)[0m  [1m[36mbegin transaction[0m
  [1m[35mSQL (2.0ms)[0m  [1m[32mINSERT INTO "products" ("name", "released_on", "price", "created_at", "updated_at") VALUES (?, ?, ?, ?, ?)[0m  [["name", "Settlers of Catan"], ["released_on", "2017-08-28"], ["price", 35.0], ["created_at", "2017-10-22 12:43:00.082525"], ["updated_at", "2017-10-22 12:43:00.082525"]]
  [1m[35m (10.1ms)[0m  [1m[36mcommit transaction[0m
  [1m[35m (0.0ms)[0m  [1m[36mbegin transaction[0m
  [1m[35mSQL (2.0ms)[0m  [1m[32mINSERT INTO "products" ("name", "released_on", "price", "created_at", "updated_at") VALUES (?, ?, ?, ?, ?)[0m  [["name", "Red Shirt"], ["released_on", "2017-08-17"], ["price", 12.0], ["created_at", "2017-10-22 12:43:00.094667"], ["updated_at", "2017-10-22 12:43:00.094667"]]
  [1m[35m (9.0ms)[0m  [1m[36mcommit transaction[0m
  [1m[35m (0.0ms)[0m  [1m[36mbegin transaction[0m
  [1m[35mSQL (1.0ms)[0m  [1m[32mINSERT INTO "products" ("name", "released_on", "price", "created_at", "updated_at") VALUES (?, ?, ?, ?, ?)[0m  [["name", "Technodrome"], ["released_on", "2017-08-19"], ["price", 28.0], ["created_at", "2017-10-22 12:43:00.108703"], ["updated_at", "2017-10-22 12:43:00.108703"]]
  [1m[35m (4.0ms)[0m  [1m[36mcommit transaction[0m
  [1m[35m (0.0ms)[0m  [1m[36mbegin transaction[0m
  [1m[35mSQL (1.0ms)[0m  [1m[32mINSERT INTO "products" ("name", "released_on", "price", "created_at", "updated_at") VALUES (?, ?, ?, ?, ?)[0m  [["name", "Acoustic Guitar"], ["released_on", "2017-09-01"], ["price", 1000.0], ["created_at", "2017-10-22 12:43:00.115722"], ["updated_at", "2017-10-22 12:43:00.115722"]]
  [1m[35m (4.0ms)[0m  [1m[36mcommit transaction[0m
  [1m[35m (0.0ms)[0m  [1m[36mbegin transaction[0m
  [1m[35mSQL (1.0ms)[0m  [1m[32mINSERT INTO "products" ("name", "released_on", "price", "created_at", "updated_at") VALUES (?, ?, ?, ?, ?)[0m  [["name", "Agricola"], ["released_on", "2017-10-07"], ["price", 46.0], ["created_at", "2017-10-22 12:43:00.122740"], ["updated_at", "2017-10-22 12:43:00.122740"]]
  [1m[35m (20.1ms)[0m  [1m[36mcommit transaction[0m
  [1m[35m (0.0ms)[0m  [1m[34mSELECT "schema_migrations"."version" FROM "schema_migrations" ORDER BY "schema_migrations"."version" ASC[0m
  [1m[35m (0.0ms)[0m  [1m[36mbegin transaction[0m
  [1m[35mSQL (3.0ms)[0m  [1m[32mINSERT INTO "products" ("name", "released_on", "price", "created_at", "updated_at") VALUES (?, ?, ?, ?, ?)[0m  [["name", "Settlers of Catan"], ["released_on", "2017-10-20"], ["price", 35.0], ["created_at", "2017-10-22 12:43:27.584756"], ["updated_at", "2017-10-22 12:43:27.584756"]]
  [1m[35m (3.0ms)[0m  [1m[36mcommit transaction[0m
  [1m[35m (1.0ms)[0m  [1m[36mbegin transaction[0m
  [1m[35mSQL (2.0ms)[0m  [1m[32mINSERT INTO "products" ("name", "released_on", "price", "created_at", "updated_at") VALUES (?, ?, ?, ?, ?)[0m  [["name", "Red Shirt"], ["released_on", "2017-09-10"], ["price", 12.0], ["created_at", "2017-10-22 12:43:27.593750"], ["updated_at", "2017-10-22 12:43:27.593750"]]
  [1m[35m (5.0ms)[0m  [1m[36mcommit transaction[0m
  [1m[35m (0.0ms)[0m  [1m[36mbegin transaction[0m
  [1m[35mSQL (1.0ms)[0m  [1m[32mINSERT INTO "products" ("name", "released_on", "price", "created_at", "updated_at") VALUES (?, ?, ?, ?, ?)[0m  [["name", "Technodrome"], ["released_on", "2017-09-16"], ["price", 28.0], ["created_at", "2017-10-22 12:43:27.600767"], ["updated_at", "2017-10-22 12:43:27.600767"]]
  [1m[35m (9.0ms)[0m  [1m[36mcommit transaction[0m
  [1m[35m (0.0ms)[0m  [1m[36mbegin transaction[0m
  [1m[35mSQL (2.0ms)[0m  [1m[32mINSERT INTO "products" ("name", "released_on", "price", "created_at", "updated_at") VALUES (?, ?, ?, ?, ?)[0m  [["name", "Acoustic Guitar"], ["released_on", "2017-09-15"], ["price", 1000.0], ["created_at", "2017-10-22 12:43:27.613811"], ["updated_at", "2017-10-22 12:43:27.613811"]]
  [1m[35m (20.1ms)[0m  [1m[36mcommit transaction[0m
  [1m[35m (0.0ms)[0m  [1m[36mbegin transaction[0m
  [1m[35mSQL (2.0ms)[0m  [1m[32mINSERT INTO "products" ("name", "released_on", "price", "created_at", "updated_at") VALUES (?, ?, ?, ?, ?)[0m  [["name", "Agricola"], ["released_on", "2017-09-28"], ["price", 46.0], ["created_at", "2017-10-22 12:43:27.637865"], ["updated_at", "2017-10-22 12:43:27.637865"]]
  [1m[35m (4.0ms)[0m  [1m[36mcommit transaction[0m
Started GET "/" for 127.0.0.1 at 2017-10-22 08:44:18 -0400
Processing by ProductsController#index as HTML
  Rendering products/index.html.erb within layouts/application
  [1m[36mProduct Load (16.0ms)[0m  [1m[34mSELECT "products".* FROM "products" ORDER BY "products"."name" ASC[0m
  Rendered products/index.html.erb within layouts/application (213.6ms)
Completed 200 OK in 2571ms (Views: 839.0ms | ActiveRecord: 18.0ms)


  [1m[35m (1.0ms)[0m  [1m[34mSELECT "schema_migrations"."version" FROM "schema_migrations" ORDER BY "schema_migrations"."version" ASC[0m
  [1m[35m (1.0ms)[0m  [1m[34mSELECT "ar_internal_metadata"."value" FROM "ar_internal_metadata" WHERE "ar_internal_metadata"."key" = ?[0m  [["key", "environment"]]
  [1m[35m (1.0ms)[0m  [1m[34mSELECT "schema_migrations"."version" FROM "schema_migrations" ORDER BY "schema_migrations"."version" ASC[0m
  [1m[35m (0.0ms)[0m  [1m[34mSELECT "ar_internal_metadata"."value" FROM "ar_internal_metadata" WHERE "ar_internal_metadata"."key" = ?[0m  [["key", "environment"]]
  [1m[35m (0.0ms)[0m  [1m[34mSELECT "schema_migrations"."version" FROM "schema_migrations" ORDER BY "schema_migrations"."version" ASC[0m
  [1m[35m (0.0ms)[0m  [1m[34mSELECT "ar_internal_metadata"."value" FROM "ar_internal_metadata" WHERE "ar_internal_metadata"."key" = ?[0m  [["key", "environment"]]
  [1m[35m (10.0ms)[0m  [1m[35mDROP TABLE IF EXISTS "products"[0m
  [1m[35m (0.0ms)[0m  [1m[34mSELECT sqlite_version(*)[0m
  [1m[35m (7.0ms)[0m  [1m[35mCREATE TABLE "products" ("id" INTEGER PRIMARY KEY AUTOINCREMENT NOT NULL, "name" varchar, "released_on" date, "price" decimal(2,8), "created_at" datetime NOT NULL, "updated_at" datetime NOT NULL)[0m
  [1m[35m (0.0ms)[0m  [1m[34mSELECT "schema_migrations"."version" FROM "schema_migrations" ORDER BY "schema_migrations"."version" ASC[0m
  [1m[36mActiveRecord::InternalMetadata Load (0.0ms)[0m  [1m[34mSELECT  "ar_internal_metadata".* FROM "ar_internal_metadata" WHERE "ar_internal_metadata"."key" = ? LIMIT ?[0m  [["key", "environment"], ["LIMIT", 1]]
  [1m[35m (0.0ms)[0m  [1m[36mbegin transaction[0m
  [1m[35m (0.0ms)[0m  [1m[36mcommit transaction[0m
  [1m[36mActiveRecord::InternalMetadata Load (1.0ms)[0m  [1m[34mSELECT  "ar_internal_metadata".* FROM "ar_internal_metadata" WHERE "ar_internal_metadata"."key" = ? LIMIT ?[0m  [["key", "environment"], ["LIMIT", 1]]
  [1m[35m (0.0ms)[0m  [1m[36mbegin transaction[0m
  [1m[35m (0.0ms)[0m  [1m[36mcommit transaction[0m
  [1m[35m (14.0ms)[0m  [1m[35mDROP TABLE IF EXISTS "products"[0m
  [1m[35m (0.0ms)[0m  [1m[34mSELECT sqlite_version(*)[0m
  [1m[35m (23.1ms)[0m  [1m[35mCREATE TABLE "products" ("id" INTEGER PRIMARY KEY AUTOINCREMENT NOT NULL, "name" varchar, "released_on" date, "price" decimal(2,8), "created_at" datetime NOT NULL, "updated_at" datetime NOT NULL)[0m
  [1m[35m (1.0ms)[0m  [1m[34mSELECT "schema_migrations"."version" FROM "schema_migrations" ORDER BY "schema_migrations"."version" ASC[0m
  [1m[36mActiveRecord::InternalMetadata Load (1.0ms)[0m  [1m[34mSELECT  "ar_internal_metadata".* FROM "ar_internal_metadata" WHERE "ar_internal_metadata"."key" = ? LIMIT ?[0m  [["key", "environment"], ["LIMIT", 1]]
  [1m[35m (0.0ms)[0m  [1m[36mbegin transaction[0m
  [1m[35m (0.0ms)[0m  [1m[36mcommit transaction[0m
  [1m[36mActiveRecord::InternalMetadata Load (0.0ms)[0m  [1m[34mSELECT  "ar_internal_metadata".* FROM "ar_internal_metadata" WHERE "ar_internal_metadata"."key" = ? LIMIT ?[0m  [["key", "environment"], ["LIMIT", 1]]
  [1m[35m (0.0ms)[0m  [1m[36mbegin transaction[0m
  [1m[35m (0.0ms)[0m  [1m[36mcommit transaction[0m
  [1m[35m (1.0ms)[0m  [1m[34mSELECT "schema_migrations"."version" FROM "schema_migrations" ORDER BY "schema_migrations"."version" ASC[0m
  [1m[35m (0.0ms)[0m  [1m[36mbegin transaction[0m
  [1m[35mSQL (2.0ms)[0m  [1m[32mINSERT INTO "products" ("name", "released_on", "price", "created_at", "updated_at") VALUES (?, ?, ?, ?, ?)[0m  [["name", "Settlers of Catan"], ["released_on", "2017-08-25"], ["price", 35.0], ["created_at", "2017-10-22 12:46:12.629195"], ["updated_at", "2017-10-22 12:46:12.629195"]]
  [1m[35m (4.0ms)[0m  [1m[36mcommit transaction[0m
  [1m[35m (0.0ms)[0m  [1m[36mbegin transaction[0m
  [1m[35mSQL (1.0ms)[0m  [1m[32mINSERT INTO "products" ("name", "released_on", "price", "created_at", "updated_at") VALUES (?, ?, ?, ?, ?)[0m  [["name", "Red Shirt"], ["released_on", "2017-08-31"], ["price", 12.0], ["created_at", "2017-10-22 12:46:12.636215"], ["updated_at", "2017-10-22 12:46:12.636215"]]
  [1m[35m (4.0ms)[0m  [1m[36mcommit transaction[0m
  [1m[35m (0.0ms)[0m  [1m[36mbegin transaction[0m
  [1m[35mSQL (2.0ms)[0m  [1m[32mINSERT INTO "products" ("name", "released_on", "price", "created_at", "updated_at") VALUES (?, ?, ?, ?, ?)[0m  [["name", "Technodrome"], ["released_on", "2017-09-07"], ["price", 28.0], ["created_at", "2017-10-22 12:46:12.644237"], ["updated_at", "2017-10-22 12:46:12.644237"]]
  [1m[35m (21.1ms)[0m  [1m[36mcommit transaction[0m
  [1m[35m (0.0ms)[0m  [1m[36mbegin transaction[0m
  [1m[35mSQL (1.0ms)[0m  [1m[32mINSERT INTO "products" ("name", "released_on", "price", "created_at", "updated_at") VALUES (?, ?, ?, ?, ?)[0m  [["name", "Acoustic Guitar"], ["released_on", "2017-08-10"], ["price", 1000.0], ["created_at", "2017-10-22 12:46:12.668299"], ["updated_at", "2017-10-22 12:46:12.668299"]]
  [1m[35m (9.0ms)[0m  [1m[36mcommit transaction[0m
  [1m[35m (0.0ms)[0m  [1m[36mbegin transaction[0m
  [1m[35mSQL (2.0ms)[0m  [1m[32mINSERT INTO "products" ("name", "released_on", "price", "created_at", "updated_at") VALUES (?, ?, ?, ?, ?)[0m  [["name", "Agricola"], ["released_on", "2017-08-03"], ["price", 46.0], ["created_at", "2017-10-22 12:46:12.680331"], ["updated_at", "2017-10-22 12:46:12.680331"]]
  [1m[35m (3.0ms)[0m  [1m[36mcommit transaction[0m
Started GET "/" for 127.0.0.1 at 2017-10-22 08:46:21 -0400
Processing by ProductsController#index as HTML
  Rendering products/index.html.erb within layouts/application
  [1m[36mProduct Load (1.0ms)[0m  [1m[34mSELECT "products".* FROM "products" ORDER BY "products"."name" ASC[0m
  Rendered products/index.html.erb within layouts/application (3.0ms)
Completed 200 OK in 305ms (Views: 238.2ms | ActiveRecord: 1.0ms)


Started GET "/products.csv" for 127.0.0.1 at 2017-10-22 08:46:25 -0400
Processing by ProductsController#index as CSV
  [1m[36mProduct Load (0.0ms)[0m  [1m[34mSELECT "products".* FROM "products" ORDER BY "products"."name" ASC[0m
  Rendering text template
  Rendered text template (0.0ms)
Sent data  (9.0ms)
Completed 200 OK in 13ms (Views: 9.0ms | ActiveRecord: 0.0ms)


Started POST "/products/import" for 127.0.0.1 at 2017-10-22 08:47:54 -0400
Processing by ProductsController#import as HTML
  Parameters: {"utf8"=>"✓", "authenticity_token"=>"nRBZzaG8kwvdh3pw3iMkuNHJoUuXc4mDqTM4IH2qnqh5Ezu4JISVYOOB6cvDRw5uJZnbCP7UEOBsvcH3t4IsWA==", "file"=>#<ActionDispatch::Http::UploadedFile:0x00000005539918 @tempfile=#<Tempfile:C:/Users/CAMCGR~1/AppData/Local/Temp/RackMultipart20171022-27264-5475ja.csv>, @original_filename="newproducts.csv", @content_type="application/vnd.ms-excel", @headers="Content-Disposition: form-data; name=\"file\"; filename=\"newproducts.csv\"\r\nContent-Type: application/vnd.ms-excel\r\n">, "commit"=>"Import"}
  [1m[36mProduct Load (0.0ms)[0m  [1m[34mSELECT  "products".* FROM "products" WHERE "products"."id" IS NULL LIMIT ?[0m  [["LIMIT", 1]]
  [1m[35m (0.0ms)[0m  [1m[36mbegin transaction[0m
  [1m[35mSQL (2.0ms)[0m  [1m[32mINSERT INTO "products" ("name", "released_on", "price", "created_at", "updated_at") VALUES (?, ?, ?, ?, ?)[0m  [["name", "Christmas Music Album 2"], ["released_on", "2012-12-06"], ["price", 12.99], ["created_at", "2017-10-22 12:47:54.242362"], ["updated_at", "2017-10-22 12:47:54.242362"]]
  [1m[35m (8.0ms)[0m  [1m[36mcommit transaction[0m
  [1m[36mProduct Load (0.0ms)[0m  [1m[34mSELECT  "products".* FROM "products" WHERE "products"."id" IS NULL LIMIT ?[0m  [["LIMIT", 1]]
  [1m[35m (0.0ms)[0m  [1m[36mbegin transaction[0m
  [1m[35mSQL (1.0ms)[0m  [1m[32mINSERT INTO "products" ("name", "released_on", "price", "created_at", "updated_at") VALUES (?, ?, ?, ?, ?)[0m  [["name", "Unicon Action Figure 2"], ["released_on", "2012-12-06"], ["price", 5.85], ["created_at", "2017-10-22 12:47:54.255396"], ["updated_at", "2017-10-22 12:47:54.255396"]]
  [1m[35m (5.0ms)[0m  [1m[36mcommit transaction[0m
Redirected to http://localhost:3000/
Completed 302 Found in 31ms (ActiveRecord: 16.0ms)


Started GET "/" for 127.0.0.1 at 2017-10-22 08:47:54 -0400
Processing by ProductsController#index as HTML
  Rendering products/index.html.erb within layouts/application
  [1m[36mProduct Load (1.0ms)[0m  [1m[34mSELECT "products".* FROM "products" ORDER BY "products"."name" ASC[0m
  Rendered products/index.html.erb within layouts/application (4.0ms)
Completed 200 OK in 385ms (Views: 296.8ms | ActiveRecord: 1.0ms)


Started GET "/products.csv" for 127.0.0.1 at 2017-10-22 08:48:02 -0400
Processing by ProductsController#index as CSV
  [1m[36mProduct Load (0.0ms)[0m  [1m[34mSELECT "products".* FROM "products" ORDER BY "products"."name" ASC[0m
  Rendering text template
  Rendered text template (0.0ms)
Sent data  (0.0ms)
Completed 200 OK in 5ms (Views: 0.4ms | ActiveRecord: 0.0ms)


Started POST "/products/import" for 127.0.0.1 at 2017-10-22 08:50:23 -0400
Processing by ProductsController#import as HTML
  Parameters: {"utf8"=>"✓", "authenticity_token"=>"ptI206XAqPdWAc+lQ4mKMJBxTnflIizkm35oS20LLg5C0VSmIPiunGgHXB5e7aDmZCE0NIyFtYde8JGcpyOc/g==", "file"=>#<ActionDispatch::Http::UploadedFile:0x0000000d1799b0 @tempfile=#<Tempfile:C:/Users/CAMCGR~1/AppData/Local/Temp/RackMultipart20171022-27264-3w0pr0.csv>, @original_filename="products.csv", @content_type="application/vnd.ms-excel", @headers="Content-Disposition: form-data; name=\"file\"; filename=\"products.csv\"\r\nContent-Type: application/vnd.ms-excel\r\n">, "commit"=>"Import"}
  [1m[36mProduct Load (1.0ms)[0m  [1m[34mSELECT  "products".* FROM "products" WHERE "products"."id" = ? LIMIT ?[0m  [["id", 4], ["LIMIT", 1]]
  [1m[35m (0.0ms)[0m  [1m[36mbegin transaction[0m
  [1m[35m (0.0ms)[0m  [1m[36mcommit transaction[0m
  [1m[36mProduct Load (0.0ms)[0m  [1m[34mSELECT  "products".* FROM "products" WHERE "products"."id" = ? LIMIT ?[0m  [["id", 5], ["LIMIT", 1]]
  [1m[35m (0.0ms)[0m  [1m[36mbegin transaction[0m
  [1m[35m (0.0ms)[0m  [1m[36mcommit transaction[0m
  [1m[36mProduct Load (0.0ms)[0m  [1m[34mSELECT  "products".* FROM "products" WHERE "products"."id" = ? LIMIT ?[0m  [["id", 6], ["LIMIT", 1]]
  [1m[35m (0.0ms)[0m  [1m[36mbegin transaction[0m
  [1m[35mSQL (3.0ms)[0m  [1m[33mUPDATE "products" SET "name" = ?, "updated_at" = ? WHERE "products"."id" = ?[0m  [["name", "Christmas Music Album"], ["updated_at", "2017-10-22 12:50:23.991488"], ["id", 6]]
  [1m[35m (5.0ms)[0m  [1m[36mcommit transaction[0m
  [1m[36mProduct Load (0.0ms)[0m  [1m[34mSELECT  "products".* FROM "products" WHERE "products"."id" = ? LIMIT ?[0m  [["id", 2], ["LIMIT", 1]]
  [1m[35m (0.0ms)[0m  [1m[36mbegin transaction[0m
  [1m[35m (0.0ms)[0m  [1m[36mcommit transaction[0m
  [1m[36mProduct Load (1.0ms)[0m  [1m[34mSELECT  "products".* FROM "products" WHERE "products"."id" = ? LIMIT ?[0m  [["id", 1], ["LIMIT", 1]]
  [1m[35m (0.0ms)[0m  [1m[36mbegin transaction[0m
  [1m[35m (0.0ms)[0m  [1m[36mcommit transaction[0m
  [1m[36mProduct Load (0.0ms)[0m  [1m[34mSELECT  "products".* FROM "products" WHERE "products"."id" = ? LIMIT ?[0m  [["id", 3], ["LIMIT", 1]]
  [1m[35m (0.0ms)[0m  [1m[36mbegin transaction[0m
  [1m[35m (0.0ms)[0m  [1m[36mcommit transaction[0m
  [1m[36mProduct Load (1.0ms)[0m  [1m[34mSELECT  "products".* FROM "products" WHERE "products"."id" = ? LIMIT ?[0m  [["id", 7], ["LIMIT", 1]]
  [1m[35m (0.0ms)[0m  [1m[36mbegin transaction[0m
  [1m[35mSQL (3.0ms)[0m  [1m[33mUPDATE "products" SET "name" = ?, "updated_at" = ? WHERE "products"."id" = ?[0m  [["name", "Unicon Action Figure"], ["updated_at", "2017-10-22 12:50:24.008564"], ["id", 7]]
  [1m[35m (5.0ms)[0m  [1m[36mcommit transaction[0m
Redirected to http://localhost:3000/
Completed 302 Found in 64ms (ActiveRecord: 19.1ms)


Started GET "/" for 127.0.0.1 at 2017-10-22 08:50:24 -0400
Processing by ProductsController#index as HTML
  Rendering products/index.html.erb within layouts/application
  [1m[36mProduct Load (0.0ms)[0m  [1m[34mSELECT "products".* FROM "products" ORDER BY "products"."name" ASC[0m
  Rendered products/index.html.erb within layouts/application (3.0ms)
Completed 200 OK in 285ms (Views: 213.1ms | ActiveRecord: 0.0ms)


Started POST "/products/import" for 127.0.0.1 at 2017-10-22 08:51:13 -0400
Processing by ProductsController#import as HTML
  Parameters: {"utf8"=>"✓", "authenticity_token"=>"VYjxmju9CX5WIqQu5kVdg6FDfFQfT3oUd6PWTQmyanyxi5PvvoUPFWgkN5X7IXdVVRMGF3bo43eyLS+aw5rYjA==", "file"=>#<ActionDispatch::Http::UploadedFile:0x00000005a3c910 @tempfile=#<Tempfile:C:/Users/CAMCGR~1/AppData/Local/Temp/RackMultipart20171022-27264-1jtmvx8.csv>, @original_filename="products.csv", @content_type="application/vnd.ms-excel", @headers="Content-Disposition: form-data; name=\"file\"; filename=\"products.csv\"\r\nContent-Type: application/vnd.ms-excel\r\n">, "commit"=>"Import"}
  [1m[36mProduct Load (1.0ms)[0m  [1m[34mSELECT  "products".* FROM "products" WHERE "products"."id" = ? LIMIT ?[0m  [["id", 4], ["LIMIT", 1]]
  [1m[35m (0.0ms)[0m  [1m[36mbegin transaction[0m
  [1m[35mSQL (4.0ms)[0m  [1m[33mUPDATE "products" SET "name" = ?, "updated_at" = ? WHERE "products"."id" = ?[0m  [["name", "Acoustic Guitar 2"], ["updated_at", "2017-10-22 12:51:13.083917"], ["id", 4]]
  [1m[35m (6.0ms)[0m  [1m[36mcommit transaction[0m
  [1m[36mProduct Load (0.0ms)[0m  [1m[34mSELECT  "products".* FROM "products" WHERE "products"."id" = ? LIMIT ?[0m  [["id", 5], ["LIMIT", 1]]
  [1m[35m (0.0ms)[0m  [1m[36mbegin transaction[0m
  [1m[35mSQL (2.0ms)[0m  [1m[33mUPDATE "products" SET "name" = ?, "updated_at" = ? WHERE "products"."id" = ?[0m  [["name", "Agricola 2"], ["updated_at", "2017-10-22 12:51:13.095950"], ["id", 5]]
  [1m[35m (10.0ms)[0m  [1m[36mcommit transaction[0m
  [1m[36mProduct Load (1.0ms)[0m  [1m[34mSELECT  "products".* FROM "products" WHERE "products"."id" = ? LIMIT ?[0m  [["id", 6], ["LIMIT", 1]]
  [1m[35m (0.0ms)[0m  [1m[36mbegin transaction[0m
  [1m[35m (0.0ms)[0m  [1m[36mcommit transaction[0m
  [1m[36mProduct Load (0.0ms)[0m  [1m[34mSELECT  "products".* FROM "products" WHERE "products"."id" = ? LIMIT ?[0m  [["id", 2], ["LIMIT", 1]]
  [1m[35m (0.0ms)[0m  [1m[36mbegin transaction[0m
  [1m[35m (0.0ms)[0m  [1m[36mcommit transaction[0m
  [1m[36mProduct Load (1.0ms)[0m  [1m[34mSELECT  "products".* FROM "products" WHERE "products"."id" = ? LIMIT ?[0m  [["id", 1], ["LIMIT", 1]]
  [1m[35m (0.0ms)[0m  [1m[36mbegin transaction[0m
  [1m[35m (0.0ms)[0m  [1m[36mcommit transaction[0m
  [1m[36mProduct Load (0.0ms)[0m  [1m[34mSELECT  "products".* FROM "products" WHERE "products"."id" = ? LIMIT ?[0m  [["id", 3], ["LIMIT", 1]]
  [1m[35m (0.0ms)[0m  [1m[36mbegin transaction[0m
  [1m[35m (0.0ms)[0m  [1m[36mcommit transaction[0m
  [1m[36mProduct Load (0.0ms)[0m  [1m[34mSELECT  "products".* FROM "products" WHERE "products"."id" = ? LIMIT ?[0m  [["id", 7], ["LIMIT", 1]]
  [1m[35m (0.0ms)[0m  [1m[36mbegin transaction[0m
  [1m[35m (0.0ms)[0m  [1m[36mcommit transaction[0m
Redirected to http://localhost:3000/
Completed 302 Found in 46ms (ActiveRecord: 25.1ms)


Started GET "/" for 127.0.0.1 at 2017-10-22 08:51:13 -0400
Processing by ProductsController#index as HTML
  Rendering products/index.html.erb within layouts/application
  [1m[36mProduct Load (0.0ms)[0m  [1m[34mSELECT "products".* FROM "products" ORDER BY "products"."name" ASC[0m
  Rendered products/index.html.erb within layouts/application (5.0ms)
Completed 200 OK in 353ms (Views: 266.3ms | ActiveRecord: 0.0ms)


Started GET "/" for 127.0.0.1 at 2017-10-22 09:15:12 -0400
Processing by ProductsController#index as HTML
  Rendering products/index.html.erb within layouts/application
  [1m[36mProduct Load (11.1ms)[0m  [1m[34mSELECT "products".* FROM "products" ORDER BY "products"."name" ASC[0m
  Rendered products/index.html.erb within layouts/application (205.6ms)
Completed 200 OK in 2592ms (Views: 976.3ms | ActiveRecord: 12.1ms)


Started POST "/products/import" for 127.0.0.1 at 2017-10-22 09:15:39 -0400
Processing by ProductsController#import as HTML
  Parameters: {"utf8"=>"✓", "authenticity_token"=>"1j67mM8SRSUhsN1IBoHWCj7/9+rXaSoHlpVj7sfL8zAyPdntSipDTh+2TvMb5fzcyq+Nqb7Os2RTG5o5DeNBwA==", "file"=>#<ActionDispatch::Http::UploadedFile:0x0000000ce97620 @tempfile=#<Tempfile:C:/Users/CAMCGR~1/AppData/Local/Temp/RackMultipart20171022-33240-105xeub.xlsx>, @original_filename="products.xlsx", @content_type="application/vnd.openxmlformats-officedocument.spreadsheetml.sheet", @headers="Content-Disposition: form-data; name=\"file\"; filename=\"products.xlsx\"\r\nContent-Type: application/vnd.openxmlformats-officedocument.spreadsheetml.sheet\r\n">, "commit"=>"Import"}
Completed 500 Internal Server Error in 4ms (ActiveRecord: 0.0ms)


  
NameError (uninitialized constant Product::Excelx):
  
app/models/product.rb:31:in `open_spreadsheet'
app/models/product.rb:15:in `import'
app/controllers/products_controller.rb:12:in `import'
Started GET "/" for 127.0.0.1 at 2017-10-22 09:19:35 -0400
Processing by ProductsController#index as HTML
  Rendering products/index.html.erb within layouts/application
  [1m[36mProduct Load (0.0ms)[0m  [1m[34mSELECT "products".* FROM "products" ORDER BY "products"."name" ASC[0m
  Rendered products/index.html.erb within layouts/application (11.1ms)
Completed 200 OK in 306ms (Views: 241.1ms | ActiveRecord: 2.0ms)


Started POST "/products/import" for 127.0.0.1 at 2017-10-22 09:19:45 -0400
Processing by ProductsController#import as HTML
  Parameters: {"utf8"=>"✓", "authenticity_token"=>"0fSYw0xhFKoLkKXe+FpiRj+67RmCaPeJnPQFfKNw12s19/q2yVkSwTWWNmXlPkiQy+qXWuvPbupZevyraVhlmw==", "file"=>#<ActionDispatch::Http::UploadedFile:0x0000000d87c7a8 @tempfile=#<Tempfile:C:/Users/CAMCGR~1/AppData/Local/Temp/RackMultipart20171022-33240-ajfuik.xlsx>, @original_filename="products.xlsx", @content_type="application/vnd.openxmlformats-officedocument.spreadsheetml.sheet", @headers="Content-Disposition: form-data; name=\"file\"; filename=\"products.xlsx\"\r\nContent-Type: application/vnd.openxmlformats-officedocument.spreadsheetml.sheet\r\n">, "commit"=>"Import"}
Completed 500 Internal Server Error in 1ms (ActiveRecord: 0.0ms)


  
ArgumentError (wrong number of arguments (3 for 1..2)):
  
app/models/product.rb:31:in `new'
app/models/product.rb:31:in `open_spreadsheet'
app/models/product.rb:15:in `import'
app/controllers/products_controller.rb:12:in `import'
Started GET "/" for 127.0.0.1 at 2017-10-22 09:22:01 -0400
Processing by ProductsController#index as HTML
  Rendering products/index.html.erb within layouts/application
  [1m[36mProduct Load (1.0ms)[0m  [1m[34mSELECT "products".* FROM "products" ORDER BY "products"."name" ASC[0m
  Rendered products/index.html.erb within layouts/application (11.1ms)
Completed 200 OK in 291ms (Views: 229.3ms | ActiveRecord: 2.0ms)


Started POST "/products/import" for 127.0.0.1 at 2017-10-22 09:22:15 -0400
Processing by ProductsController#import as HTML
  Parameters: {"utf8"=>"✓", "authenticity_token"=>"SeFHf+u/cpZLjEBIMq6nZBaZVrUPHF8HuL+D0iEkkaWt4iUKbod0/XWK0/Mvyo2y4sks9ma7xmR9MXoF6wwjVQ==", "file"=>#<ActionDispatch::Http::UploadedFile:0x0000000d4b8888 @tempfile=#<Tempfile:C:/Users/CAMCGR~1/AppData/Local/Temp/RackMultipart20171022-33240-1jx9xnp.xlsx>, @original_filename="products.xlsx", @content_type="application/vnd.openxmlformats-officedocument.spreadsheetml.sheet", @headers="Content-Disposition: form-data; name=\"file\"; filename=\"products.xlsx\"\r\nContent-Type: application/vnd.openxmlformats-officedocument.spreadsheetml.sheet\r\n">, "commit"=>"Import"}
  [1m[36mProduct Load (3.0ms)[0m  [1m[34mSELECT  "products".* FROM "products" WHERE "products"."id" IS NULL LIMIT ?[0m  [["LIMIT", 1]]
  [1m[35m (0.0ms)[0m  [1m[36mbegin transaction[0m
  [1m[35mSQL (3.0ms)[0m  [1m[32mINSERT INTO "products" ("name", "released_on", "price", "created_at", "updated_at") VALUES (?, ?, ?, ?, ?)[0m  [["name", "7 Wonders"], ["released_on", "2016-11-27"], ["price", 29.0], ["created_at", "2017-10-22 13:22:15.377668"], ["updated_at", "2017-10-22 13:22:15.377668"]]
  [1m[35m (6.0ms)[0m  [1m[36mcommit transaction[0m
  [1m[36mProduct Load (1.0ms)[0m  [1m[34mSELECT  "products".* FROM "products" WHERE "products"."id" IS NULL LIMIT ?[0m  [["LIMIT", 1]]
  [1m[35m (1.0ms)[0m  [1m[36mbegin transaction[0m
  [1m[35mSQL (2.0ms)[0m  [1m[32mINSERT INTO "products" ("name", "released_on", "price", "created_at", "updated_at") VALUES (?, ?, ?, ?, ?)[0m  [["name", "Box Kite"], ["released_on", "2016-10-18"], ["price", 42.0], ["created_at", "2017-10-22 13:22:15.390703"], ["updated_at", "2017-10-22 13:22:15.390703"]]
  [1m[35m (10.0ms)[0m  [1m[36mcommit transaction[0m
Redirected to http://localhost:3000/
Completed 302 Found in 143ms (ActiveRecord: 26.1ms)


Started GET "/" for 127.0.0.1 at 2017-10-22 09:22:15 -0400
Processing by ProductsController#index as HTML
  Rendering products/index.html.erb within layouts/application
  [1m[36mProduct Load (1.0ms)[0m  [1m[34mSELECT "products".* FROM "products" ORDER BY "products"."name" ASC[0m
  Rendered products/index.html.erb within layouts/application (4.0ms)
Completed 200 OK in 294ms (Views: 219.0ms | ActiveRecord: 1.0ms)


